<?xml version="1.0" encoding="UTF-8" ?>
<testsuite tests="39" failures="0" name="com.iksgmbh.sql.pojomemodb.SqlPojoMemoDBTest" time="0.016" errors="0" skipped="0">
  <properties>
    <property name="java.runtime.name" value="Java(TM) SE Runtime Environment"/>
    <property name="sun.boot.library.path" value="C:\Program Files\Java\jdk1.8.0\jre\bin"/>
    <property name="java.vm.version" value="25.0-b70"/>
    <property name="java.vm.vendor" value="Oracle Corporation"/>
    <property name="java.vendor.url" value="http://java.oracle.com/"/>
    <property name="path.separator" value=";"/>
    <property name="guice.disable.misplaced.annotation.check" value="true"/>
    <property name="java.vm.name" value="Java HotSpot(TM) 64-Bit Server VM"/>
    <property name="file.encoding.pkg" value="sun.io"/>
    <property name="user.script" value=""/>
    <property name="user.country" value="DE"/>
    <property name="sun.java.launcher" value="SUN_STANDARD"/>
    <property name="sun.os.patch.level" value="Service Pack 1"/>
    <property name="java.vm.specification.name" value="Java Virtual Machine Specification"/>
    <property name="user.dir" value="C:\data\Reik\dev\eclipse\workspaces\luna\SqlPojoMemoDB"/>
    <property name="java.runtime.version" value="1.8.0-b132"/>
    <property name="java.awt.graphicsenv" value="sun.awt.Win32GraphicsEnvironment"/>
    <property name="java.endorsed.dirs" value="C:\Program Files\Java\jdk1.8.0\jre\lib\endorsed"/>
    <property name="os.arch" value="amd64"/>
    <property name="java.io.tmpdir" value="C:\Users\Reik\AppData\Local\Temp\"/>
    <property name="line.separator" value="
"/>
    <property name="java.vm.specification.vendor" value="Oracle Corporation"/>
    <property name="user.variant" value=""/>
    <property name="os.name" value="Windows 7"/>
    <property name="classworlds.conf" value="C:\data\Reik\dev\eclipse\workspaces\HelloWorldServicePrototyp\.metadata\.plugins\org.eclipse.m2e.launching\launches\m2conf3285718249033650583.tmp"/>
    <property name="sun.jnu.encoding" value="Cp1252"/>
    <property name="java.library.path" value="C:\Program Files\Java\jdk1.8.0\bin;C:\Windows\Sun\Java\bin;C:\Windows\system32;C:\Windows;C:\Program Files (x86)\Intel\iCLS Client\;C:\Program Files\Intel\iCLS Client\;C:\Program Files (x86)\NVIDIA Corporation\PhysX\Common;C:\Program Files\Common Files\Microsoft Shared\Windows Live;C:\Program Files (x86)\Common Files\Microsoft Shared\Windows Live;C:\Windows\system32;C:\Windows;C:\Windows\System32\Wbem;C:\Windows\System32\WindowsPowerShell\v1.0\;C:\Program Files (x86)\Windows Live\Shared;C:\Program Files\Intel\Intel(R) Management Engine Components\DAL;C:\Program Files\Intel\Intel(R) Management Engine Components\IPT;C:\Program Files (x86)\Intel\Intel(R) Management Engine Components\DAL;C:\Program Files (x86)\Intel\Intel(R) Management Engine Components\IPT;C:\Progs\Git\cmd;."/>
    <property name="java.specification.name" value="Java Platform API Specification"/>
    <property name="java.class.version" value="52.0"/>
    <property name="sun.management.compiler" value="HotSpot 64-Bit Tiered Compilers"/>
    <property name="os.version" value="6.1"/>
    <property name="user.home" value="C:\Users\Reik"/>
    <property name="user.timezone" value="Europe/Berlin"/>
    <property name="java.awt.printerjob" value="sun.awt.windows.WPrinterJob"/>
    <property name="java.specification.version" value="1.8"/>
    <property name="file.encoding" value="UTF-8"/>
    <property name="user.name" value="Reik"/>
    <property name="java.class.path" value="/C:/data/Reik/dev/eclipse/installations/eclipse-luna/plugins/org.eclipse.m2e.maven.runtime_1.5.0.20140605-2032/jars/plexus-classworlds-2.5.1.jar"/>
    <property name="org.slf4j.simpleLogger.defaultLogLevel" value="info"/>
    <property name="java.vm.specification.version" value="1.8"/>
    <property name="sun.arch.data.model" value="64"/>
    <property name="java.home" value="C:\Program Files\Java\jdk1.8.0\jre"/>
    <property name="sun.java.command" value="org.codehaus.plexus.classworlds.launcher.Launcher -B -s C:\data\Reik\dev\maven\maven-3.0.5\conf\settings.xml install"/>
    <property name="java.specification.vendor" value="Oracle Corporation"/>
    <property name="user.language" value="de"/>
    <property name="awt.toolkit" value="sun.awt.windows.WToolkit"/>
    <property name="java.vm.info" value="mixed mode"/>
    <property name="java.version" value="1.8.0"/>
    <property name="java.ext.dirs" value="C:\Program Files\Java\jdk1.8.0\jre\lib\ext;C:\Windows\Sun\Java\lib\ext"/>
    <property name="sun.boot.class.path" value="C:\Program Files\Java\jdk1.8.0\jre\lib\resources.jar;C:\Program Files\Java\jdk1.8.0\jre\lib\rt.jar;C:\Program Files\Java\jdk1.8.0\jre\lib\sunrsasign.jar;C:\Program Files\Java\jdk1.8.0\jre\lib\jsse.jar;C:\Program Files\Java\jdk1.8.0\jre\lib\jce.jar;C:\Program Files\Java\jdk1.8.0\jre\lib\charsets.jar;C:\Program Files\Java\jdk1.8.0\jre\lib\jfr.jar;C:\Program Files\Java\jdk1.8.0\jre\classes"/>
    <property name="java.vendor" value="Oracle Corporation"/>
    <property name="maven.home" value="C:\data\Reik\dev\eclipse\workspaces\luna\SqlPojoMemoDB\EMBEDDED"/>
    <property name="file.separator" value="\"/>
    <property name="java.vendor.url.bug" value="http://bugreport.sun.com/bugreport/"/>
    <property name="sun.cpu.endian" value="little"/>
    <property name="sun.io.unicode.encoding" value="UnicodeLittle"/>
    <property name="sun.desktop" value="windows"/>
    <property name="sun.cpu.isalist" value="amd64"/>
  </properties>
  <testcase classname="com.iksgmbh.sql.pojomemodb.SqlPojoMemoDBTest" name="selectsDateValuesAndConvertsThemAsString" time="0"/>
  <testcase classname="com.iksgmbh.sql.pojomemodb.SqlPojoMemoDBTest" name="throwsExceptionForUnkownColumnInUpdateStatement" time="0"/>
  <testcase classname="com.iksgmbh.sql.pojomemodb.SqlPojoMemoDBTest" name="createsNewTable" time="0"/>
  <testcase classname="com.iksgmbh.sql.pojomemodb.SqlPojoMemoDBTest" name="createsSequence" time="0"/>
  <testcase classname="com.iksgmbh.sql.pojomemodb.SqlPojoMemoDBTest" name="throwsExceptionForTableNameDouble" time="0"/>
  <testcase classname="com.iksgmbh.sql.pojomemodb.SqlPojoMemoDBTest" name="throwsExceptionWithMessageOnAllInvalidValues" time="0"/>
  <testcase classname="com.iksgmbh.sql.pojomemodb.SqlPojoMemoDBTest" name="throwsExceptionForNotAllowedNullValue" time="0"/>
  <testcase classname="com.iksgmbh.sql.pojomemodb.SqlPojoMemoDBTest" name="selectsSubsetOfColumnsAndRowsInTable" time="0"/>
  <testcase classname="com.iksgmbh.sql.pojomemodb.SqlPojoMemoDBTest" name="throwsExceptionForUnkownColumnInWhereClause" time="0"/>
  <testcase classname="com.iksgmbh.sql.pojomemodb.SqlPojoMemoDBTest" name="selectsDataRowForUnequalDateAndID" time="0"/>
  <testcase classname="com.iksgmbh.sql.pojomemodb.SqlPojoMemoDBTest" name="returnsConnection" time="0"/>
  <testcase classname="com.iksgmbh.sql.pojomemodb.SqlPojoMemoDBTest" name="deletesAllTableContent" time="0"/>
  <testcase classname="com.iksgmbh.sql.pojomemodb.SqlPojoMemoDBTest" name="createsNewVerySimpleTable" time="0"/>
  <testcase classname="com.iksgmbh.sql.pojomemodb.SqlPojoMemoDBTest" name="createsThreeDifferentTables" time="0"/>
  <testcase classname="com.iksgmbh.sql.pojomemodb.SqlPojoMemoDBTest" name="createsComplexTable" time="0"/>
  <testcase classname="com.iksgmbh.sql.pojomemodb.SqlPojoMemoDBTest" name="dropsAndRecreatesTable" time="0"/>
  <testcase classname="com.iksgmbh.sql.pojomemodb.SqlPojoMemoDBTest" name="insertsDataRowIntoTable" time="0"/>
  <testcase classname="com.iksgmbh.sql.pojomemodb.SqlPojoMemoDBTest" name="insertsNullIntoDataRow" time="0"/>
  <testcase classname="com.iksgmbh.sql.pojomemodb.SqlPojoMemoDBTest" name="insertsTextWithSpaces" time="0"/>
  <testcase classname="com.iksgmbh.sql.pojomemodb.SqlPojoMemoDBTest" name="insertsManyDataIntoComplexTable" time="0"/>
  <testcase classname="com.iksgmbh.sql.pojomemodb.SqlPojoMemoDBTest" name="selectsAllColumnsAndRowsInTable" time="0"/>
  <testcase classname="com.iksgmbh.sql.pojomemodb.SqlPojoMemoDBTest" name="selectsSubsetOfColumnsInTable" time="0"/>
  <testcase classname="com.iksgmbh.sql.pojomemodb.SqlPojoMemoDBTest" name="selectsSubsetOfRowsInTable" time="0"/>
  <testcase classname="com.iksgmbh.sql.pojomemodb.SqlPojoMemoDBTest" name="selectsDataRowForEqualDateAndID" time="0"/>
  <testcase classname="com.iksgmbh.sql.pojomemodb.SqlPojoMemoDBTest" name="selectsDataUsingTableAlias" time="0"/>
  <testcase classname="com.iksgmbh.sql.pojomemodb.SqlPojoMemoDBTest" name="updatesEveryRowInTable" time="0"/>
  <testcase classname="com.iksgmbh.sql.pojomemodb.SqlPojoMemoDBTest" name="updatesSingleRowInTable" time="0"/>
  <testcase classname="com.iksgmbh.sql.pojomemodb.SqlPojoMemoDBTest" name="deletesOnlyRowsWithNullID" time="0"/>
  <testcase classname="com.iksgmbh.sql.pojomemodb.SqlPojoMemoDBTest" name="deletesOnlyRowsWithIDNotNull" time="0"/>
  <testcase classname="com.iksgmbh.sql.pojomemodb.SqlPojoMemoDBTest" name="throwsExectionForUnkownSequence" time="0"/>
  <testcase classname="com.iksgmbh.sql.pojomemodb.SqlPojoMemoDBTest" name="returnsNextValUsingOracleDual" time="0"/>
  <testcase classname="com.iksgmbh.sql.pojomemodb.SqlPojoMemoDBTest" name="throwsExceptionForUnkownColumnTypeIncreateTableStatement" time="0"/>
  <testcase classname="com.iksgmbh.sql.pojomemodb.SqlPojoMemoDBTest" name="joins_Two_TablesUsingNonAnsiSyntax_twoJoinConditions" time="0"/>
  <testcase classname="com.iksgmbh.sql.pojomemodb.SqlPojoMemoDBTest" name="joins_TwoTables_UsingNonAnsiSyntaxWithTwoResultingDataRows" time="0"/>
  <testcase classname="com.iksgmbh.sql.pojomemodb.SqlPojoMemoDBTest" name="joins_TwoTables_UsingAnsiSyntax_andAdditionalWhereStatements" time="0"/>
  <testcase classname="com.iksgmbh.sql.pojomemodb.SqlPojoMemoDBTest" name="usesSequence" time="0"/>
  <testcase classname="com.iksgmbh.sql.pojomemodb.SqlPojoMemoDBTest" name="joins_Two_TablesUsingNonAnsiSyntax" time="0"/>
  <testcase classname="com.iksgmbh.sql.pojomemodb.SqlPojoMemoDBTest" name="joins_Three_TablesUsingNonAnsiSyntax" time="0.016"/>
  <testcase classname="com.iksgmbh.sql.pojomemodb.SqlPojoMemoDBTest" name="understandsLowerAndUpperCaseInStatements" time="0"/>
</testsuite>